<?xml version="1.0" encoding="UTF-8"?>
<!-- Generated by org.testng.reporters.JUnitXMLReporter -->
<testsuite ignored="0" hostname="tsbabu-PC" failures="0" tests="3" name="Default test" time="0.125" errors="0" timestamp="2023-08-27T12:27:40 IST">
  <testcase classname="SamplePrjct.GrpingExPgm" name="tc1" time="0.018"/>
  <testcase classname="SamplePrjct.GrpingExPgm" name="tc2" time="0.002"/>
  <testcase classname="SamplePrjct.GrpingExPgm" name="tc3" time="0.002"/>
</testsuite> <!-- Default test -->
