<?xml version="1.0" encoding="UTF-8"?>
<!-- Generated by org.testng.reporters.JUnitXMLReporter -->
<testsuite ignored="2" hostname="tsbabu-PC" failures="0" tests="1" name="Test" time="0.126" errors="0" timestamp="2023-08-28T10:40:08 IST">
  <testcase classname="SamplePrjct.GrpingExPgm" name="tc1" time="0.017"/>
  <testcase classname="SamplePrjct.GrpingExPgm" name="tc2" time="0.0">
    <ignored/>
  </testcase> <!-- tc2 -->
  <testcase classname="SamplePrjct.GrpingExPgm" name="tc3" time="0.0">
    <ignored/>
  </testcase> <!-- tc3 -->
</testsuite> <!-- Test -->
