<?xml version="1.0" encoding="UTF-8"?>
<testng-results ignored="0" total="3" passed="3" failed="0" skipped="0">
  <reporter-output>
  </reporter-output>
  <suite started-at="2023-08-27T12:27:40 IST" name="Default suite" finished-at="2023-08-27T12:27:40 IST" duration-ms="125">
    <groups>
      <group name="Sanity">
        <method signature="GrpingExPgm.tc2()[pri:0, instance:SamplePrjct.GrpingExPgm@1530c739]" name="tc2" class="SamplePrjct.GrpingExPgm"/>
      </group> <!-- Sanity -->
      <group name="Regression">
        <method signature="GrpingExPgm.tc3()[pri:0, instance:SamplePrjct.GrpingExPgm@1530c739]" name="tc3" class="SamplePrjct.GrpingExPgm"/>
      </group> <!-- Regression -->
      <group name="Smoke">
        <method signature="GrpingExPgm.tc1()[pri:0, instance:SamplePrjct.GrpingExPgm@1530c739]" name="tc1" class="SamplePrjct.GrpingExPgm"/>
      </group> <!-- Smoke -->
    </groups>
    <test started-at="2023-08-27T12:27:40 IST" name="Default test" finished-at="2023-08-27T12:27:40 IST" duration-ms="125">
      <class name="SamplePrjct.GrpingExPgm">
        <test-method signature="tc1()[pri:0, instance:SamplePrjct.GrpingExPgm@1530c739]" started-at="2023-08-27T12:27:40 IST" name="tc1" finished-at="2023-08-27T12:27:40 IST" duration-ms="18" status="PASS">
          <reporter-output>
          </reporter-output>
        </test-method> <!-- tc1 -->
        <test-method signature="tc2()[pri:0, instance:SamplePrjct.GrpingExPgm@1530c739]" started-at="2023-08-27T12:27:40 IST" name="tc2" finished-at="2023-08-27T12:27:40 IST" duration-ms="2" status="PASS">
          <reporter-output>
          </reporter-output>
        </test-method> <!-- tc2 -->
        <test-method signature="tc3()[pri:0, instance:SamplePrjct.GrpingExPgm@1530c739]" started-at="2023-08-27T12:27:40 IST" name="tc3" finished-at="2023-08-27T12:27:40 IST" duration-ms="2" status="PASS">
          <reporter-output>
          </reporter-output>
        </test-method> <!-- tc3 -->
      </class> <!-- SamplePrjct.GrpingExPgm -->
    </test> <!-- Default test -->
  </suite> <!-- Default suite -->
</testng-results>
