<?xml version="1.0" encoding="UTF-8"?>
<testng-results ignored="0" total="1" passed="1" failed="0" skipped="0">
  <reporter-output>
  </reporter-output>
  <suite started-at="2023-08-28T10:40:07 IST" name="Suite" finished-at="2023-08-28T10:40:08 IST" duration-ms="126">
    <groups>
      <group name="Smoke">
        <method signature="GrpingExPgm.tc1()[pri:0, instance:SamplePrjct.GrpingExPgm@2cf3d63b]" name="tc1" class="SamplePrjct.GrpingExPgm"/>
      </group> <!-- Smoke -->
    </groups>
    <test started-at="2023-08-28T10:40:07 IST" name="Test" finished-at="2023-08-28T10:40:08 IST" duration-ms="126">
      <class name="SamplePrjct.GrpingExPgm">
        <test-method signature="tc1()[pri:0, instance:SamplePrjct.GrpingExPgm@2cf3d63b]" started-at="2023-08-28T10:40:08 IST" name="tc1" finished-at="2023-08-28T10:40:08 IST" duration-ms="17" status="PASS">
          <reporter-output>
          </reporter-output>
        </test-method> <!-- tc1 -->
      </class> <!-- SamplePrjct.GrpingExPgm -->
    </test> <!-- Test -->
  </suite> <!-- Suite -->
</testng-results>
